<?xml version="1.0" encoding="UTF-8"?>
<Site BuildName="(empty)"
	BuildStamp="20241004-0116-Experimental"
	Name="charles-ThinkPad-P14s-Gen-4"
	Generator="ctest-3.22.1"
	CompilerName="/usr/bin/c++"
	CompilerVersion="11.4.0"
	OSName="Linux"
	Hostname="charles-ThinkPad-P14s-Gen-4"
	OSRelease="6.5.0-1025-oem"
	OSVersion="#26-Ubuntu SMP PREEMPT_DYNAMIC Tue Jun 18 12:35:22 UTC 2024"
	OSPlatform="x86_64"
	Is64Bits="1"
	VendorString="AuthenticAMD"
	VendorID="Advanced Micro Devices"
	FamilyID="25"
	ModelID="116"
	ProcessorCacheSize="1024"
	NumberOfLogicalCPU="12"
	NumberOfPhysicalCPU="6"
	TotalVirtualMemory="2047"
	TotalPhysicalMemory="11644"
	LogicalProcessorsPerPhysical="2"
	ProcessorClockFrequency="3389.13"
	>
	<Testing>
		<StartDateTime>Oct 04 11:16 AEST</StartDateTime>
		<StartTestTime>1728004616</StartTestTime>
		<TestList/>
		<EndDateTime>Oct 04 11:16 AEST</EndDateTime>
		<EndTestTime>1728004616</EndTestTime>
		<ElapsedMinutes>0</ElapsedMinutes>
	</Testing>
</Site>
