<?xml version="1.0" encoding="UTF-8"?>
<Site BuildName="(empty)"
	BuildStamp="20240911-0931-Experimental"
	Name="charles-ThinkPad-P14s-Gen-4"
	Generator="ctest-3.22.1"
	CompilerName="/usr/bin/c++"
	CompilerVersion="11.4.0"
	OSName="Linux"
	Hostname="charles-ThinkPad-P14s-Gen-4"
	OSRelease="6.5.0-1025-oem"
	OSVersion="#26-Ubuntu SMP PREEMPT_DYNAMIC Tue Jun 18 12:35:22 UTC 2024"
	OSPlatform="x86_64"
	Is64Bits="1"
	VendorString="AuthenticAMD"
	VendorID="Advanced Micro Devices"
	FamilyID="25"
	ModelID="116"
	ProcessorCacheSize="1024"
	NumberOfLogicalCPU="12"
	NumberOfPhysicalCPU="6"
	TotalVirtualMemory="2047"
	TotalPhysicalMemory="11644"
	LogicalProcessorsPerPhysical="2"
	ProcessorClockFrequency="3154.27"
	>
	<Testing>
		<StartDateTime>Sep 11 20:50 AEST</StartDateTime>
		<StartTestTime>1726051852</StartTestTime>
		<TestList/>
		<EndDateTime>Sep 11 20:50 AEST</EndDateTime>
		<EndTestTime>1726051852</EndTestTime>
		<ElapsedMinutes>0</ElapsedMinutes>
	</Testing>
</Site>
